# JRE version: OpenJDK Runtime Environment Temurin-21.0.8+9 (21.0.8+9) (build 21.0.8+9-LTS)
# Java VM: OpenJDK 64-Bit Server VM Temurin-21.0.8+9 (21.0.8+9-LTS, mixed mode, sharing, tiered, compressed oops, compressed class ptrs, parallel gc, windows-amd64)
GC Precious Log:
 CardTable entry size: 512
 CPUs: 12 total, 12 available
 Memory: 32511M
 Large Page Support: Disabled
 NUMA Support: Disabled
 Compressed Oops: Enabled (32-bit)
 Alignments: Space 512K, Generation 512K, Heap 2M
 Heap Min Capacity: 100M
 Heap Initial Capacity: 100M
 Heap Max Capacity: 2G
 Pre-touch: Disabled
 Parallel Workers: 10
Heap:
 PSYoungGen      total 2560K, used 712K [0x00000000d5580000, 0x00000000d5980000, 0x0000000100000000)
  eden space 2048K, 11% used [0x00000000d5580000,0x00000000d55ba2b8,0x00000000d5780000)
  from space 512K, 93% used [0x00000000d5880000,0x00000000d58f8020,0x00000000d5900000)
  to   space 1024K, 0% used [0x00000000d5780000,0x00000000d5780000,0x00000000d5880000)
 ParOldGen       total 692736K, used 204654K [0x0000000080000000, 0x00000000aa480000, 0x00000000d5580000)
  object space 692736K, 29% used [0x0000000080000000,0x000000008c7dbbc8,0x00000000aa480000)
 Metaspace       used 87394K, committed 89152K, reserved 1179648K
  class space    used 10252K, committed 11008K, reserved 1048576K
GC Heap History (20 events):
Event: 32745.364 GC heap before
{Heap before GC invocations=1605 (full 4):
 PSYoungGen      total 2560K, used 2464K [0x00000000d5580000, 0x00000000d5900000, 0x0000000100000000)
  eden space 2048K, 100% used [0x00000000d5580000,0x00000000d5780000,0x00000000d5780000)
  from space 512K, 81% used [0x00000000d5880000,0x00000000d58e8010,0x00000000d5900000)
  to   space 512K, 0% used [0x00000000d5800000,0x00000000d5800000,0x00000000d5880000)
 ParOldGen       total 692736K, used 204358K [0x0000000080000000, 0x00000000aa480000, 0x00000000d5580000)
  object space 692736K, 29% used [0x0000000080000000,0x000000008c791bc8,0x00000000aa480000)
 Metaspace       used 87375K, committed 89152K, reserved 1179648K
  class space    used 10252K, committed 11008K, reserved 1048576K
}
Event: 32745.365 GC heap after
{Heap after GC invocations=1605 (full 4):
 PSYoungGen      total 2560K, used 160K [0x00000000d5580000, 0x00000000d5900000, 0x0000000100000000)
  eden space 2048K, 0% used [0x00000000d5580000,0x00000000d5580000,0x00000000d5780000)
  from space 512K, 31% used [0x00000000d5800000,0x00000000d5828000,0x00000000d5880000)
  to   space 512K, 0% used [0x00000000d5880000,0x00000000d5880000,0x00000000d5900000)
 ParOldGen       total 692736K, used 204358K [0x0000000080000000, 0x00000000aa480000, 0x00000000d5580000)
  object space 692736K, 29% used [0x0000000080000000,0x000000008c791bc8,0x00000000aa480000)
 Metaspace       used 87375K, committed 89152K, reserved 1179648K
  class space    used 10252K, committed 11008K, reserved 1048576K
}
Event: 37202.711 GC heap before
{Heap before GC invocations=1606 (full 4):
 PSYoungGen      total 2560K, used 2208K [0x00000000d5580000, 0x00000000d5900000, 0x0000000100000000)
  eden space 2048K, 100% used [0x00000000d5580000,0x00000000d5780000,0x00000000d5780000)
  from space 512K, 31% used [0x00000000d5800000,0x00000000d5828000,0x00000000d5880000)
  to   space 512K, 0% used [0x00000000d5880000,0x00000000d5880000,0x00000000d5900000)
 ParOldGen       total 692736K, used 204358K [0x0000000080000000, 0x00000000aa480000, 0x00000000d5580000)
  object space 692736K, 29% used [0x0000000080000000,0x000000008c791bc8,0x00000000aa480000)
 Metaspace       used 87375K, committed 89152K, reserved 1179648K
  class space    used 10252K, committed 11008K, reserved 1048576K
}
Event: 37202.711 GC heap after
{Heap after GC invocations=1606 (full 4):
 PSYoungGen      total 2560K, used 320K [0x00000000d5580000, 0x00000000d5900000, 0x0000000100000000)
  eden space 2048K, 0% used [0x00000000d5580000,0x00000000d5580000,0x00000000d5780000)
  from space 512K, 62% used [0x00000000d5880000,0x00000000d58d0000,0x00000000d5900000)
  to   space 512K, 0% used [0x00000000d5800000,0x00000000d5800000,0x00000000d5880000)
 ParOldGen       total 692736K, used 204358K [0x0000000080000000, 0x00000000aa480000, 0x00000000d5580000)
  object space 692736K, 29% used [0x0000000080000000,0x000000008c791bc8,0x00000000aa480000)
 Metaspace       used 87375K, committed 89152K, reserved 1179648K
  class space    used 10252K, committed 11008K, reserved 1048576K
}
Event: 40802.769 GC heap before
{Heap before GC invocations=1607 (full 4):
 PSYoungGen      total 2560K, used 2368K [0x00000000d5580000, 0x00000000d5900000, 0x0000000100000000)
  eden space 2048K, 100% used [0x00000000d5580000,0x00000000d5780000,0x00000000d5780000)
  from space 512K, 62% used [0x00000000d5880000,0x00000000d58d0000,0x00000000d5900000)
  to   space 512K, 0% used [0x00000000d5800000,0x00000000d5800000,0x00000000d5880000)
 ParOldGen       total 692736K, used 204358K [0x0000000080000000, 0x00000000aa480000, 0x00000000d5580000)
  object space 692736K, 29% used [0x0000000080000000,0x000000008c791bc8,0x00000000aa480000)
 Metaspace       used 87375K, committed 89152K, reserved 1179648K
  class space    used 10252K, committed 11008K, reserved 1048576K
}
Event: 40802.770 GC heap after
{Heap after GC invocations=1607 (full 4):
 PSYoungGen      total 2560K, used 352K [0x00000000d5580000, 0x00000000d5900000, 0x0000000100000000)
  eden space 2048K, 0% used [0x00000000d5580000,0x00000000d5580000,0x00000000d5780000)
  from space 512K, 68% used [0x00000000d5800000,0x00000000d5858020,0x00000000d5880000)
  to   space 512K, 0% used [0x00000000d5880000,0x00000000d5880000,0x00000000d5900000)
 ParOldGen       total 692736K, used 204358K [0x0000000080000000, 0x00000000aa480000, 0x00000000d5580000)
  object space 692736K, 29% used [0x0000000080000000,0x000000008c791bc8,0x00000000aa480000)
 Metaspace       used 87375K, committed 89152K, reserved 1179648K
  class space    used 10252K, committed 11008K, reserved 1048576K
}
Event: 44402.829 GC heap before
{Heap before GC invocations=1608 (full 4):
 PSYoungGen      total 2560K, used 2400K [0x00000000d5580000, 0x00000000d5900000, 0x0000000100000000)
  eden space 2048K, 100% used [0x00000000d5580000,0x00000000d5780000,0x00000000d5780000)
  from space 512K, 68% used [0x00000000d5800000,0x00000000d5858020,0x00000000d5880000)
  to   space 512K, 0% used [0x00000000d5880000,0x00000000d5880000,0x00000000d5900000)
 ParOldGen       total 692736K, used 204358K [0x0000000080000000, 0x00000000aa480000, 0x00000000d5580000)
  object space 692736K, 29% used [0x0000000080000000,0x000000008c791bc8,0x00000000aa480000)
 Metaspace       used 87375K, committed 89152K, reserved 1179648K
  class space    used 10252K, committed 11008K, reserved 1048576K
}
Event: 44402.830 GC heap after
{Heap after GC invocations=1608 (full 4):
 PSYoungGen      total 2560K, used 448K [0x00000000d5580000, 0x00000000d5900000, 0x0000000100000000)
  eden space 2048K, 0% used [0x00000000d5580000,0x00000000d5580000,0x00000000d5780000)
  from space 512K, 87% used [0x00000000d5880000,0x00000000d58f0010,0x00000000d5900000)
  to   space 512K, 0% used [0x00000000d5800000,0x00000000d5800000,0x00000000d5880000)
 ParOldGen       total 692736K, used 204358K [0x0000000080000000, 0x00000000aa480000, 0x00000000d5580000)
  object space 692736K, 29% used [0x0000000080000000,0x000000008c791bc8,0x00000000aa480000)
 Metaspace       used 87375K, committed 89152K, reserved 1179648K
  class space    used 10252K, committed 11008K, reserved 1048576K
}
Event: 47905.944 GC heap before
{Heap before GC invocations=1609 (full 4):
 PSYoungGen      total 2560K, used 2496K [0x00000000d5580000, 0x00000000d5900000, 0x0000000100000000)
  eden space 2048K, 100% used [0x00000000d5580000,0x00000000d5780000,0x00000000d5780000)
  from space 512K, 87% used [0x00000000d5880000,0x00000000d58f0010,0x00000000d5900000)
  to   space 512K, 0% used [0x00000000d5800000,0x00000000d5800000,0x00000000d5880000)
 ParOldGen       total 692736K, used 204358K [0x0000000080000000, 0x00000000aa480000, 0x00000000d5580000)
  object space 692736K, 29% used [0x0000000080000000,0x000000008c791bc8,0x00000000aa480000)
 Metaspace       used 87376K, committed 89152K, reserved 1179648K
  class space    used 10252K, committed 11008K, reserved 1048576K
}
Event: 47905.945 GC heap after
{Heap after GC invocations=1609 (full 4):
 PSYoungGen      total 2560K, used 224K [0x00000000d5580000, 0x00000000d5900000, 0x0000000100000000)
  eden space 2048K, 0% used [0x00000000d5580000,0x00000000d5580000,0x00000000d5780000)
  from space 512K, 43% used [0x00000000d5800000,0x00000000d5838000,0x00000000d5880000)
  to   space 512K, 0% used [0x00000000d5880000,0x00000000d5880000,0x00000000d5900000)
 ParOldGen       total 692736K, used 204358K [0x0000000080000000, 0x00000000aa480000, 0x00000000d5580000)
  object space 692736K, 29% used [0x0000000080000000,0x000000008c791bc8,0x00000000aa480000)
 Metaspace       used 87376K, committed 89152K, reserved 1179648K
  class space    used 10252K, committed 11008K, reserved 1048576K
}
Event: 48011.140 GC heap before
{Heap before GC invocations=1610 (full 4):
 PSYoungGen      total 2560K, used 2272K [0x00000000d5580000, 0x00000000d5900000, 0x0000000100000000)
  eden space 2048K, 100% used [0x00000000d5580000,0x00000000d5780000,0x00000000d5780000)
  from space 512K, 43% used [0x00000000d5800000,0x00000000d5838000,0x00000000d5880000)
  to   space 512K, 0% used [0x00000000d5880000,0x00000000d5880000,0x00000000d5900000)
 ParOldGen       total 692736K, used 204358K [0x0000000080000000, 0x00000000aa480000, 0x00000000d5580000)
  object space 692736K, 29% used [0x0000000080000000,0x000000008c791bc8,0x00000000aa480000)
 Metaspace       used 87389K, committed 89152K, reserved 1179648K
  class space    used 10252K, committed 11008K, reserved 1048576K
}
Event: 48011.141 GC heap after
{Heap after GC invocations=1610 (full 4):
 PSYoungGen      total 2560K, used 288K [0x00000000d5580000, 0x00000000d5900000, 0x0000000100000000)
  eden space 2048K, 0% used [0x00000000d5580000,0x00000000d5580000,0x00000000d5780000)
  from space 512K, 56% used [0x00000000d5880000,0x00000000d58c8000,0x00000000d5900000)
  to   space 512K, 0% used [0x00000000d5800000,0x00000000d5800000,0x00000000d5880000)
 ParOldGen       total 692736K, used 204422K [0x0000000080000000, 0x00000000aa480000, 0x00000000d5580000)
  object space 692736K, 29% used [0x0000000080000000,0x000000008c7a1bc8,0x00000000aa480000)
 Metaspace       used 87389K, committed 89152K, reserved 1179648K
  class space    used 10252K, committed 11008K, reserved 1048576K
}
Event: 49803.091 GC heap before
{Heap before GC invocations=1611 (full 4):
 PSYoungGen      total 2560K, used 2336K [0x00000000d5580000, 0x00000000d5900000, 0x0000000100000000)
  eden space 2048K, 100% used [0x00000000d5580000,0x00000000d5780000,0x00000000d5780000)
  from space 512K, 56% used [0x00000000d5880000,0x00000000d58c8000,0x00000000d5900000)
  to   space 512K, 0% used [0x00000000d5800000,0x00000000d5800000,0x00000000d5880000)
 ParOldGen       total 692736K, used 204422K [0x0000000080000000, 0x00000000aa480000, 0x00000000d5580000)
  object space 692736K, 29% used [0x0000000080000000,0x000000008c7a1bc8,0x00000000aa480000)
 Metaspace       used 87394K, committed 89152K, reserved 1179648K
  class space    used 10252K, committed 11008K, reserved 1048576K
}
Event: 49803.092 GC heap after
{Heap after GC invocations=1611 (full 4):
 PSYoungGen      total 2560K, used 480K [0x00000000d5580000, 0x00000000d5980000, 0x0000000100000000)
  eden space 2048K, 0% used [0x00000000d5580000,0x00000000d5580000,0x00000000d5780000)
  from space 512K, 93% used [0x00000000d5800000,0x00000000d5878020,0x00000000d5880000)
  to   space 1024K, 0% used [0x00000000d5880000,0x00000000d5880000,0x00000000d5980000)
 ParOldGen       total 692736K, used 204494K [0x0000000080000000, 0x00000000aa480000, 0x00000000d5580000)
  object space 692736K, 29% used [0x0000000080000000,0x000000008c7b3bc8,0x00000000aa480000)
 Metaspace       used 87394K, committed 89152K, reserved 1179648K
  class space    used 10252K, committed 11008K, reserved 1048576K
}
Event: 53447.250 GC heap before
{Heap before GC invocations=1612 (full 4):
 PSYoungGen      total 2560K, used 2528K [0x00000000d5580000, 0x00000000d5980000, 0x0000000100000000)
  eden space 2048K, 100% used [0x00000000d5580000,0x00000000d5780000,0x00000000d5780000)
  from space 512K, 93% used [0x00000000d5800000,0x00000000d5878020,0x00000000d5880000)
  to   space 1024K, 0% used [0x00000000d5880000,0x00000000d5880000,0x00000000d5980000)
 ParOldGen       total 692736K, used 204494K [0x0000000080000000, 0x00000000aa480000, 0x00000000d5580000)
  object space 692736K, 29% used [0x0000000080000000,0x000000008c7b3bc8,0x00000000aa480000)
 Metaspace       used 87394K, committed 89152K, reserved 1179648K
  class space    used 10252K, committed 11008K, reserved 1048576K
}
Event: 53447.255 GC heap after
{Heap after GC invocations=1612 (full 4):
 PSYoungGen      total 2560K, used 288K [0x00000000d5580000, 0x00000000d5900000, 0x0000000100000000)
  eden space 2048K, 0% used [0x00000000d5580000,0x00000000d5580000,0x00000000d5780000)
  from space 512K, 56% used [0x00000000d5880000,0x00000000d58c8000,0x00000000d5900000)
  to   space 512K, 0% used [0x00000000d5800000,0x00000000d5800000,0x00000000d5880000)
 ParOldGen       total 692736K, used 204566K [0x0000000080000000, 0x00000000aa480000, 0x00000000d5580000)
  object space 692736K, 29% used [0x0000000080000000,0x000000008c7c5bc8,0x00000000aa480000)
 Metaspace       used 87394K, committed 89152K, reserved 1179648K
  class space    used 10252K, committed 11008K, reserved 1048576K
}
Event: 57903.414 GC heap before
{Heap before GC invocations=1613 (full 4):
 PSYoungGen      total 2560K, used 2336K [0x00000000d5580000, 0x00000000d5900000, 0x0000000100000000)
  eden space 2048K, 100% used [0x00000000d5580000,0x00000000d5780000,0x00000000d5780000)
  from space 512K, 56% used [0x00000000d5880000,0x00000000d58c8000,0x00000000d5900000)
  to   space 512K, 0% used [0x00000000d5800000,0x00000000d5800000,0x00000000d5880000)
 ParOldGen       total 692736K, used 204566K [0x0000000080000000, 0x00000000aa480000, 0x00000000d5580000)
  object space 692736K, 29% used [0x0000000080000000,0x000000008c7c5bc8,0x00000000aa480000)
 Metaspace       used 87394K, committed 89152K, reserved 1179648K
  class space    used 10252K, committed 11008K, reserved 1048576K
}
Event: 57903.417 GC heap after
{Heap after GC invocations=1613 (full 4):
 PSYoungGen      total 2560K, used 288K [0x00000000d5580000, 0x00000000d5900000, 0x0000000100000000)
  eden space 2048K, 0% used [0x00000000d5580000,0x00000000d5580000,0x00000000d5780000)
  from space 512K, 56% used [0x00000000d5800000,0x00000000d5848000,0x00000000d5880000)
  to   space 512K, 0% used [0x00000000d5880000,0x00000000d5880000,0x00000000d5900000)
 ParOldGen       total 692736K, used 204646K [0x0000000080000000, 0x00000000aa480000, 0x00000000d5580000)
  object space 692736K, 29% used [0x0000000080000000,0x000000008c7d9bc8,0x00000000aa480000)
 Metaspace       used 87394K, committed 89152K, reserved 1179648K
  class space    used 10252K, committed 11008K, reserved 1048576K
}
Event: 61503.526 GC heap before
{Heap before GC invocations=1614 (full 4):
 PSYoungGen      total 2560K, used 2325K [0x00000000d5580000, 0x00000000d5900000, 0x0000000100000000)
  eden space 2048K, 99% used [0x00000000d5580000,0x00000000d577d590,0x00000000d5780000)
  from space 512K, 56% used [0x00000000d5800000,0x00000000d5848000,0x00000000d5880000)
  to   space 512K, 0% used [0x00000000d5880000,0x00000000d5880000,0x00000000d5900000)
 ParOldGen       total 692736K, used 204646K [0x0000000080000000, 0x00000000aa480000, 0x00000000d5580000)
  object space 692736K, 29% used [0x0000000080000000,0x000000008c7d9bc8,0x00000000aa480000)
 Metaspace       used 87394K, committed 89152K, reserved 1179648K
  class space    used 10252K, committed 11008K, reserved 1048576K
}
Event: 61503.531 GC heap after
{Heap after GC invocations=1614 (full 4):
 PSYoungGen      total 2560K, used 480K [0x00000000d5580000, 0x00000000d5980000, 0x0000000100000000)
  eden space 2048K, 0% used [0x00000000d5580000,0x00000000d5580000,0x00000000d5780000)
  from space 512K, 93% used [0x00000000d5880000,0x00000000d58f8020,0x00000000d5900000)
  to   space 1024K, 0% used [0x00000000d5780000,0x00000000d5780000,0x00000000d5880000)
 ParOldGen       total 692736K, used 204654K [0x0000000080000000, 0x00000000aa480000, 0x00000000d5580000)
  object space 692736K, 29% used [0x0000000080000000,0x000000008c7dbbc8,0x00000000aa480000)
 Metaspace       used 87394K, committed 89152K, reserved 1179648K
  class space    used 10252K, committed 11008K, reserved 1048576K
}

